<?xml version="1.0" encoding="UTF-8"?>
<testsuite name="com.wcid.practice.web.IndexControllerTest" tests="1" skipped="0" failures="0" errors="0" timestamp="2020-08-23T07:01:19" hostname="DESKTOP-EBHMFHN" time="0.093">
  <properties/>
  <testcase name="메인페이지_로딩" classname="com.wcid.practice.web.IndexControllerTest" time="0.093"/>
  <system-out><![CDATA[2020-08-23 16:01:19.322  INFO 3976 --- [    Test worker] .b.t.c.SpringBootTestContextBootstrapper : Neither @ContextConfiguration nor @ContextHierarchy found for test class [com.wcid.practice.web.IndexControllerTest], using SpringBootContextLoader
2020-08-23 16:01:19.323  INFO 3976 --- [    Test worker] o.s.t.c.support.AbstractContextLoader    : Could not detect default resource locations for test class [com.wcid.practice.web.IndexControllerTest]: no resource found for suffixes {-context.xml, Context.groovy}.
2020-08-23 16:01:19.323  INFO 3976 --- [    Test worker] t.c.s.AnnotationConfigContextLoaderUtils : Could not detect default configuration classes for test class [com.wcid.practice.web.IndexControllerTest]: IndexControllerTest does not declare any static, non-private, non-final, nested classes annotated with @Configuration.
2020-08-23 16:01:19.325  INFO 3976 --- [    Test worker] .b.t.c.SpringBootTestContextBootstrapper : Found @SpringBootConfiguration com.wcid.practice.Application for test class com.wcid.practice.web.IndexControllerTest
2020-08-23 16:01:19.327  INFO 3976 --- [    Test worker] .b.t.c.SpringBootTestContextBootstrapper : Loaded default TestExecutionListener class names from location [META-INF/spring.factories]: [org.springframework.boot.test.autoconfigure.restdocs.RestDocsTestExecutionListener, org.springframework.boot.test.autoconfigure.web.client.MockRestServiceServerResetTestExecutionListener, org.springframework.boot.test.autoconfigure.web.servlet.MockMvcPrintOnlyOnFailureTestExecutionListener, org.springframework.boot.test.autoconfigure.web.servlet.WebDriverTestExecutionListener, org.springframework.boot.test.mock.mockito.MockitoTestExecutionListener, org.springframework.boot.test.mock.mockito.ResetMocksTestExecutionListener, org.springframework.test.context.web.ServletTestExecutionListener, org.springframework.test.context.support.DirtiesContextBeforeModesTestExecutionListener, org.springframework.test.context.support.DependencyInjectionTestExecutionListener, org.springframework.test.context.support.DirtiesContextTestExecutionListener, org.springframework.test.context.transaction.TransactionalTestExecutionListener, org.springframework.test.context.jdbc.SqlScriptsTestExecutionListener]
2020-08-23 16:01:19.328  INFO 3976 --- [    Test worker] .b.t.c.SpringBootTestContextBootstrapper : Using TestExecutionListeners: [org.springframework.test.context.web.ServletTestExecutionListener@2e9f901d, org.springframework.test.context.support.DirtiesContextBeforeModesTestExecutionListener@1ec85c88, org.springframework.boot.test.mock.mockito.MockitoTestExecutionListener@3bd437aa, org.springframework.boot.test.autoconfigure.SpringBootDependencyInjectionTestExecutionListener@ad78c27, org.springframework.test.context.support.DirtiesContextTestExecutionListener@581afa18, org.springframework.test.context.transaction.TransactionalTestExecutionListener@4eac18f, org.springframework.test.context.jdbc.SqlScriptsTestExecutionListener@1e99dfdf, org.springframework.boot.test.autoconfigure.restdocs.RestDocsTestExecutionListener@2819ce9f, org.springframework.boot.test.autoconfigure.web.client.MockRestServiceServerResetTestExecutionListener@275c2bbe, org.springframework.boot.test.autoconfigure.web.servlet.MockMvcPrintOnlyOnFailureTestExecutionListener@75687063, org.springframework.boot.test.autoconfigure.web.servlet.WebDriverTestExecutionListener@255f2e36, org.springframework.boot.test.mock.mockito.ResetMocksTestExecutionListener@43546134]
Hibernate: select posts0_.id as id1_0_, posts0_.created_date as created_2_0_, posts0_.modified_date as modified3_0_, posts0_.author as author4_0_, posts0_.content as content5_0_, posts0_.title as title6_0_ from posts posts0_ order by posts0_.id DESC
]]></system-out>
  <system-err><![CDATA[]]></system-err>
</testsuite>
